  main.cpp
C:\Users\adria\Desktop\VS\PhysicsSimulator\PhysicsSimulator\Constants.h(6,57): warning C4244: "inicjowanie": konwersja z "Uint64" do "int", możliwa utrata danych
C:\Users\adria\Desktop\VS\PhysicsSimulator\PhysicsSimulator\Constants.h(6,28): warning C4244: "inicjowanie": konwersja z "Uint64" do "const int", możliwa utrata danych
C:\Users\adria\Desktop\VS\PhysicsSimulator\PhysicsSimulator\main.cpp(52,10): warning C4244: "inicjowanie": konwersja z "double" do "float", możliwa utrata danych
C:\Users\adria\Desktop\VS\PhysicsSimulator\PhysicsSimulator\main.cpp(73,8): warning C4244: "inicjowanie": konwersja z "float" do "int", możliwa utrata danych
C:\Users\adria\Desktop\VS\PhysicsSimulator\PhysicsSimulator\main.cpp(74,8): warning C4244: "inicjowanie": konwersja z "float" do "int", możliwa utrata danych
C:\Users\adria\Desktop\VS\PhysicsSimulator\PhysicsSimulator\main.cpp(75,8): warning C4244: "inicjowanie": konwersja z "float" do "int", możliwa utrata danych
C:\Users\adria\Desktop\VS\PhysicsSimulator\PhysicsSimulator\main.cpp(76,21): warning C4838: konwersja z „int” do „Uint8” wymaga konwersji zawężającej
C:\Users\adria\Desktop\VS\PhysicsSimulator\PhysicsSimulator\main.cpp(76,24): warning C4838: konwersja z „int” do „Uint8” wymaga konwersji zawężającej
C:\Users\adria\Desktop\VS\PhysicsSimulator\PhysicsSimulator\main.cpp(76,27): warning C4838: konwersja z „int” do „Uint8” wymaga konwersji zawężającej
C:\Users\adria\Desktop\VS\PhysicsSimulator\PhysicsSimulator\main.cpp(257,28): warning C4244: "=": konwersja z "double" do "int", możliwa utrata danych
C:\Users\adria\Desktop\VS\PhysicsSimulator\PhysicsSimulator\main.cpp(258,28): warning C4244: "=": konwersja z "double" do "int", możliwa utrata danych
C:\Users\adria\Desktop\VS\PhysicsSimulator\PhysicsSimulator\main.cpp(590,61): warning C4244: "argument": konwersja z "double" do "int", możliwa utrata danych
C:\Users\adria\Desktop\VS\PhysicsSimulator\PhysicsSimulator\main.cpp(590,57): warning C4244: "argument": konwersja z "double" do "int", możliwa utrata danych
C:\Users\adria\Desktop\VS\PhysicsSimulator\PhysicsSimulator\main.cpp(590,43): warning C4244: "argument": konwersja z "double" do "int", możliwa utrata danych
C:\Users\adria\Desktop\VS\PhysicsSimulator\PhysicsSimulator\main.cpp(592,117): warning C4244: "argument": konwersja z "double" do "int", możliwa utrata danych
C:\Users\adria\Desktop\VS\PhysicsSimulator\PhysicsSimulator\main.cpp(592,72): warning C4244: "argument": konwersja z "double" do "int", możliwa utrata danych
C:\Users\adria\Desktop\VS\PhysicsSimulator\PhysicsSimulator\main.cpp(592,55): warning C4244: "argument": konwersja z "double" do "int", możliwa utrata danych
C:\Users\adria\Desktop\VS\PhysicsSimulator\PhysicsSimulator\main.cpp(592,41): warning C4244: "argument": konwersja z "double" do "int", możliwa utrata danych
C:\Users\adria\Desktop\VS\PhysicsSimulator\PhysicsSimulator\main.cpp(594,123): warning C4244: "argument": konwersja z "double" do "int", możliwa utrata danych
C:\Users\adria\Desktop\VS\PhysicsSimulator\PhysicsSimulator\main.cpp(594,72): warning C4244: "argument": konwersja z "double" do "int", możliwa utrata danych
C:\Users\adria\Desktop\VS\PhysicsSimulator\PhysicsSimulator\main.cpp(594,55): warning C4244: "argument": konwersja z "double" do "int", możliwa utrata danych
C:\Users\adria\Desktop\VS\PhysicsSimulator\PhysicsSimulator\main.cpp(594,41): warning C4244: "argument": konwersja z "double" do "int", możliwa utrata danych
C:\Users\adria\Desktop\VS\PhysicsSimulator\PhysicsSimulator\main.cpp(598,90): warning C4244: "argument": konwersja z "double" do "int", możliwa utrata danych
C:\Users\adria\Desktop\VS\PhysicsSimulator\PhysicsSimulator\main.cpp(598,73): warning C4244: "argument": konwersja z "double" do "int", możliwa utrata danych
C:\Users\adria\Desktop\VS\PhysicsSimulator\PhysicsSimulator\main.cpp(598,56): warning C4244: "argument": konwersja z "double" do "int", możliwa utrata danych
C:\Users\adria\Desktop\VS\PhysicsSimulator\PhysicsSimulator\main.cpp(598,42): warning C4244: "argument": konwersja z "double" do "int", możliwa utrata danych
C:\Users\adria\Desktop\VS\PhysicsSimulator\PhysicsSimulator\main.cpp(850,17): warning C4244: "inicjowanie": konwersja z "double" do "int", możliwa utrata danych
  Trwa generowanie kodu
  1 of 255 functions ( 0.4%) were compiled, the rest were copied from previous compilation.
    0 functions were new in current compilation
    0 functions had inline decision re-evaluated but remain unchanged
  Zakończono generowanie kodu
  PhysicsSimulator.vcxproj -> C:\Users\adria\Desktop\VS\PhysicsSimulator\Release\PhysicsSimulator.exe
